<?xml version="1.0" encoding="UTF-8"?>
<!-- Generated by org.testng.reporters.JUnitReportReporter -->
<testsuite hostname="iamTEE" failures="0" tests="8" name="KongaOrderingFlowTest" time="122.447" errors="0" timestamp="2023-03-25T05:43:45 WAT" skipped="0">
  <testcase classname="KongaOrderingFlowTest" name="UrlTest" time="9.286"/>
  <system-out/>
  <testcase classname="KongaOrderingFlowTest" name="LoginPageTest" time="5.107"/>
  <system-out/>
  <testcase classname="KongaOrderingFlowTest" name="SignUpTest" time="5.258"/>
  <system-out/>
  <testcase classname="KongaOrderingFlowTest" name="CategoryItemsTest" time="15.250"/>
  <system-out/>
  <testcase classname="KongaOrderingFlowTest" name="CartTest" time="45.402"/>
  <system-out/>
  <testcase classname="KongaOrderingFlowTest" name="iFrameModalTest" time="22.218"/>
  <system-out/>
  <testcase classname="KongaOrderingFlowTest" name="NegativeCardDetails" time="9.915"/>
  <system-out/>
  <testcase classname="KongaOrderingFlowTest" name="iframeTest" time="10.011"/>
  <system-out/>
</testsuite> <!-- KongaOrderingFlowTest -->
